0 info it worked if it ends with ok
1 verbose cli [ 'C:\\Program Files\\nodejs\\node.exe',
1 verbose cli   'C:\\Program Files\\nodejs\\node_modules\\npm\\bin\\npm-cli.js',
1 verbose cli   'run',
1 verbose cli   'watch-sass' ]
2 info using npm@3.10.10
3 info using node@v6.9.3
4 verbose run-script [ 'prewatch-sass', 'watch-sass', 'postwatch-sass' ]
5 info lifecycle simpleSites@1.0.0~prewatch-sass: simpleSites@1.0.0
6 silly lifecycle simpleSites@1.0.0~prewatch-sass: no script for prewatch-sass, continuing
7 info lifecycle simpleSites@1.0.0~watch-sass: simpleSites@1.0.0
8 verbose lifecycle simpleSites@1.0.0~watch-sass: unsafe-perm in lifecycle true
9 verbose lifecycle simpleSites@1.0.0~watch-sass: PATH: C:\Program Files\nodejs\node_modules\npm\bin\node-gyp-bin;C:\node\SimpleSite\node_modules\.bin;C:\Program Files\nodejs\node_modules\npm\bin\node-gyp-bin;C:\node\SimpleSite\node_modules\.bin;C:\Program Files (x86)\Intel\iCLS Client\;C:\Program Files\Intel\iCLS Client\;C:\Windows\system32;C:\Windows;C:\Windows\System32\Wbem;C:\Windows\System32\WindowsPowerShell\v1.0\;C:\Program Files (x86)\Intel\Intel(R) Management Engine Components\DAL;C:\Program Files\Intel\Intel(R) Management Engine Components\DAL;C:\Program Files (x86)\Intel\Intel(R) Management Engine Components\IPT;C:\Program Files\Intel\Intel(R) Management Engine Components\IPT;C:\Program Files (x86)\NVIDIA Corporation\PhysX\Common;C:\Program Files\nodejs\;C:\WINDOWS\system32;C:\WINDOWS;C:\WINDOWS\System32\Wbem;C:\WINDOWS\System32\WindowsPowerShell\v1.0\;C:\Program Files\Git\cmd;;C:\Program Files (x86)\Microsoft VS Code\bin;C:\Users\culli\AppData\Roaming\npm;%USERPROFILE%\AppData\Local\Microsoft\WindowsApps
10 verbose lifecycle simpleSites@1.0.0~watch-sass: CWD: C:\node\SimpleSite
11 silly lifecycle simpleSites@1.0.0~watch-sass: Args: [ '/d /s /c',
11 silly lifecycle   'nodemon -e scss -w public/scss -x npm run build-css' ]
12 silly lifecycle simpleSites@1.0.0~watch-sass: Returned: code: 3221225786  signal: null
13 info lifecycle simpleSites@1.0.0~watch-sass: Failed to exec watch-sass script
14 verbose stack Error: simpleSites@1.0.0 watch-sass: `nodemon -e scss -w public/scss -x npm run build-css`
14 verbose stack Exit status 3221225786
14 verbose stack     at EventEmitter.<anonymous> (C:\Program Files\nodejs\node_modules\npm\lib\utils\lifecycle.js:255:16)
14 verbose stack     at emitTwo (events.js:106:13)
14 verbose stack     at EventEmitter.emit (events.js:191:7)
14 verbose stack     at ChildProcess.<anonymous> (C:\Program Files\nodejs\node_modules\npm\lib\utils\spawn.js:40:14)
14 verbose stack     at emitTwo (events.js:106:13)
14 verbose stack     at ChildProcess.emit (events.js:191:7)
14 verbose stack     at maybeClose (internal/child_process.js:877:16)
14 verbose stack     at Process.ChildProcess._handle.onexit (internal/child_process.js:226:5)
15 verbose pkgid simpleSites@1.0.0
16 verbose cwd C:\node\SimpleSite
17 error Windows_NT 10.0.14393
18 error argv "C:\\Program Files\\nodejs\\node.exe" "C:\\Program Files\\nodejs\\node_modules\\npm\\bin\\npm-cli.js" "run" "watch-sass"
19 error node v6.9.3
20 error npm  v3.10.10
21 error code ELIFECYCLE
22 error simpleSites@1.0.0 watch-sass: `nodemon -e scss -w public/scss -x npm run build-css`
22 error Exit status 3221225786
23 error Failed at the simpleSites@1.0.0 watch-sass script 'nodemon -e scss -w public/scss -x npm run build-css'.
23 error Make sure you have the latest version of node.js and npm installed.
23 error If you do, this is most likely a problem with the simpleSites package,
23 error not with npm itself.
23 error Tell the author that this fails on your system:
23 error     nodemon -e scss -w public/scss -x npm run build-css
23 error You can get information on how to open an issue for this project with:
23 error     npm bugs simpleSites
23 error Or if that isn't available, you can get their info via:
23 error     npm owner ls simpleSites
23 error There is likely additional logging output above.
24 verbose exit [ 1, true ]
